Determining if the pthread_create exist failed with the following output:
Change Dir: /home/lab/Documents/Data_reforement_code/yolo3_auto_label/FLIR_ws/build/CMakeFiles/CMakeTmp

Run Build Command:"/usr/bin/make" "cmTC_37407/fast"
/usr/bin/make -f CMakeFiles/cmTC_37407.dir/build.make CMakeFiles/cmTC_37407.dir/build
make[1]: Entering directory '/home/lab/Documents/Data_reforement_code/yolo3_auto_label/FLIR_ws/build/CMakeFiles/CMakeTmp'
Building C object CMakeFiles/cmTC_37407.dir/CheckSymbolExists.c.o
/usr/bin/cc    -o CMakeFiles/cmTC_37407.dir/CheckSymbolExists.c.o   -c /home/lab/Documents/Data_reforement_code/yolo3_auto_label/FLIR_ws/build/CMakeFiles/CMakeTmp/CheckSymbolExists.c
Linking C executable cmTC_37407
/usr/local/bin/cmake -E cmake_link_script CMakeFiles/cmTC_37407.dir/link.txt --verbose=1
/usr/bin/cc      -rdynamic CMakeFiles/cmTC_37407.dir/CheckSymbolExists.c.o  -o cmTC_37407 
CMakeFiles/cmTC_37407.dir/CheckSymbolExists.c.o: In function `main':
CheckSymbolExists.c:(.text+0x16): undefined reference to `pthread_create'
collect2: error: ld returned 1 exit status
CMakeFiles/cmTC_37407.dir/build.make:86: recipe for target 'cmTC_37407' failed
make[1]: *** [cmTC_37407] Error 1
make[1]: Leaving directory '/home/lab/Documents/Data_reforement_code/yolo3_auto_label/FLIR_ws/build/CMakeFiles/CMakeTmp'
Makefile:121: recipe for target 'cmTC_37407/fast' failed
make: *** [cmTC_37407/fast] Error 2

File /home/lab/Documents/Data_reforement_code/yolo3_auto_label/FLIR_ws/build/CMakeFiles/CMakeTmp/CheckSymbolExists.c:
/* */
#include <pthread.h>

int main(int argc, char** argv)
{
  (void)argv;
#ifndef pthread_create
  return ((int*)(&pthread_create))[argc];
#else
  (void)argc;
  return 0;
#endif
}

Determining if the function pthread_create exists in the pthreads failed with the following output:
Change Dir: /home/lab/Documents/Data_reforement_code/yolo3_auto_label/FLIR_ws/build/CMakeFiles/CMakeTmp

Run Build Command:"/usr/bin/make" "cmTC_66aeb/fast"
/usr/bin/make -f CMakeFiles/cmTC_66aeb.dir/build.make CMakeFiles/cmTC_66aeb.dir/build
make[1]: Entering directory '/home/lab/Documents/Data_reforement_code/yolo3_auto_label/FLIR_ws/build/CMakeFiles/CMakeTmp'
Building C object CMakeFiles/cmTC_66aeb.dir/CheckFunctionExists.c.o
/usr/bin/cc   -DCHECK_FUNCTION_EXISTS=pthread_create   -o CMakeFiles/cmTC_66aeb.dir/CheckFunctionExists.c.o   -c /usr/local/share/cmake-3.12/Modules/CheckFunctionExists.c
Linking C executable cmTC_66aeb
/usr/local/bin/cmake -E cmake_link_script CMakeFiles/cmTC_66aeb.dir/link.txt --verbose=1
/usr/bin/cc  -DCHECK_FUNCTION_EXISTS=pthread_create    -rdynamic CMakeFiles/cmTC_66aeb.dir/CheckFunctionExists.c.o  -o cmTC_66aeb -lpthreads 
/usr/bin/ld: cannot find -lpthreads
collect2: error: ld returned 1 exit status
CMakeFiles/cmTC_66aeb.dir/build.make:86: recipe for target 'cmTC_66aeb' failed
make[1]: *** [cmTC_66aeb] Error 1
make[1]: Leaving directory '/home/lab/Documents/Data_reforement_code/yolo3_auto_label/FLIR_ws/build/CMakeFiles/CMakeTmp'
Makefile:121: recipe for target 'cmTC_66aeb/fast' failed
make: *** [cmTC_66aeb/fast] Error 2


